2017-06-09 13:53:10.453 [Test worker] INFO  cz.bublik.scripthon.PerformerCaller+0	 at cz.bublik.scripthon.Performer.perform(Performer.java:53)
Caller+1	 at cz.bublik.scripthon.PerformerTests.performTest(PerformerTests.java:30)
Caller+2	 at sun.reflect.NativeMethodAccessorImpl.invoke0(Native Method)
 -
                Java version: 25.5-b02
2017-06-09 13:53:10.457 [Test worker] DEBUG cz.bublik.scripthon.PerformerCaller+0	 at cz.bublik.scripthon.Performer.perform(Performer.java:57)
Caller+1	 at cz.bublik.scripthon.PerformerTests.performTest(PerformerTests.java:30)
Caller+2	 at sun.reflect.NativeMethodAccessorImpl.invoke0(Native Method)
 -
                Number of available processors: 4
2017-06-09 13:53:10.459 [pool-2-thread-1] DEBUG c.b.s.t.a.c.main.AnalyzerRunnableCaller+0	 at cz.bublik.scripthon.tree.analyzer.codeanalyzer.main.AnalyzerRunnable.run(AnalyzerRunnable.java:30)
Caller+1	 at java.util.concurrent.ThreadPoolExecutor.runWorker(ThreadPoolExecutor.java:1142)
Caller+2	 at java.util.concurrent.ThreadPoolExecutor$Worker.run(ThreadPoolExecutor.java:617)
 -
                Starting analyzing process
2017-06-09 13:53:10.459 [pool-2-thread-2] DEBUG c.b.s.compiler.CompilerRunnableCaller+0	 at cz.bublik.scripthon.compiler.CompilerRunnable.run(CompilerRunnable.java:58)
Caller+1	 at java.util.concurrent.ThreadPoolExecutor.runWorker(ThreadPoolExecutor.java:1142)
Caller+2	 at java.util.concurrent.ThreadPoolExecutor$Worker.run(ThreadPoolExecutor.java:617)
 -
                Starting compilation process
2017-06-09 13:53:10.464 [pool-2-thread-2] DEBUG c.b.s.compiler.CompilerRunnableCaller+0	 at cz.bublik.scripthon.compiler.CompilerRunnable.p(CompilerRunnable.java:52)
Caller+1	 at cz.bublik.scripthon.compiler.CompilerRunnable.compile(CompilerRunnable.java:81)
Caller+2	 at cz.bublik.scripthon.compiler.CompilerRunnable.run(CompilerRunnable.java:59)
 -
                \n
2017-06-09 13:53:10.464 [pool-2-thread-2] DEBUG c.b.s.compiler.CompilerRunnableCaller+0	 at cz.bublik.scripthon.compiler.CompilerRunnable.p(CompilerRunnable.java:48)
Caller+1	 at cz.bublik.scripthon.compiler.CompilerRunnable.compile(CompilerRunnable.java:82)
Caller+2	 at cz.bublik.scripthon.compiler.CompilerRunnable.run(CompilerRunnable.java:59)
 -
                Tokenizer started
2017-06-09 13:53:10.468 [pool-2-thread-2] DEBUG c.b.s.compiler.CompilerRunnableCaller+0	 at cz.bublik.scripthon.compiler.CompilerRunnable.p(CompilerRunnable.java:52)
Caller+1	 at cz.bublik.scripthon.compiler.CompilerRunnable.compile(CompilerRunnable.java:93)
Caller+2	 at cz.bublik.scripthon.compiler.CompilerRunnable.run(CompilerRunnable.java:59)
 -
                \n
2017-06-09 13:53:10.468 [pool-2-thread-2] DEBUG c.b.s.compiler.lexical.TokenSequenceCaller+0	 at cz.bublik.scripthon.compiler.lexical.TokenSequence.printTokensVertically(TokenSequence.java:32)
Caller+1	 at cz.bublik.scripthon.compiler.CompilerRunnable.compile(CompilerRunnable.java:94)
Caller+2	 at cz.bublik.scripthon.compiler.CompilerRunnable.run(CompilerRunnable.java:59)
 -
                value:<sof> type:mark line:0 position:0|
2017-06-09 13:53:10.468 [pool-2-thread-2] DEBUG c.b.s.compiler.lexical.TokenSequenceCaller+0	 at cz.bublik.scripthon.compiler.lexical.TokenSequence.printTokensVertically(TokenSequence.java:32)
Caller+1	 at cz.bublik.scripthon.compiler.CompilerRunnable.compile(CompilerRunnable.java:94)
Caller+2	 at cz.bublik.scripthon.compiler.CompilerRunnable.run(CompilerRunnable.java:59)
 -
                value:Meth type:word line:1 position:1|
2017-06-09 13:53:10.468 [pool-2-thread-2] DEBUG c.b.s.compiler.lexical.TokenSequenceCaller+0	 at cz.bublik.scripthon.compiler.lexical.TokenSequence.printTokensVertically(TokenSequence.java:32)
Caller+1	 at cz.bublik.scripthon.compiler.CompilerRunnable.compile(CompilerRunnable.java:94)
Caller+2	 at cz.bublik.scripthon.compiler.CompilerRunnable.run(CompilerRunnable.java:59)
 -
                value:( type:character line:1 position:5|
2017-06-09 13:53:10.469 [pool-2-thread-2] DEBUG c.b.s.compiler.lexical.TokenSequenceCaller+0	 at cz.bublik.scripthon.compiler.lexical.TokenSequence.printTokensVertically(TokenSequence.java:32)
Caller+1	 at cz.bublik.scripthon.compiler.CompilerRunnable.compile(CompilerRunnable.java:94)
Caller+2	 at cz.bublik.scripthon.compiler.CompilerRunnable.run(CompilerRunnable.java:59)
 -
                value:) type:character line:1 position:6|
2017-06-09 13:53:10.469 [pool-2-thread-2] DEBUG c.b.s.compiler.lexical.TokenSequenceCaller+0	 at cz.bublik.scripthon.compiler.lexical.TokenSequence.printTokensVertically(TokenSequence.java:32)
Caller+1	 at cz.bublik.scripthon.compiler.CompilerRunnable.compile(CompilerRunnable.java:94)
Caller+2	 at cz.bublik.scripthon.compiler.CompilerRunnable.run(CompilerRunnable.java:59)
 -
                value:<eol> type:mark line:1 position:6|
2017-06-09 13:53:10.469 [pool-2-thread-2] DEBUG c.b.s.compiler.lexical.TokenSequenceCaller+0	 at cz.bublik.scripthon.compiler.lexical.TokenSequence.printTokensVertically(TokenSequence.java:32)
Caller+1	 at cz.bublik.scripthon.compiler.CompilerRunnable.compile(CompilerRunnable.java:94)
Caller+2	 at cz.bublik.scripthon.compiler.CompilerRunnable.run(CompilerRunnable.java:59)
 -
                value:<eof> type:mark line:1 position:6|
2017-06-09 13:53:10.469 [pool-2-thread-2] DEBUG c.b.s.compiler.CompilerRunnableCaller+0	 at cz.bublik.scripthon.compiler.CompilerRunnable.p(CompilerRunnable.java:48)
Caller+1	 at cz.bublik.scripthon.compiler.CompilerRunnable.compile(CompilerRunnable.java:96)
Caller+2	 at cz.bublik.scripthon.compiler.CompilerRunnable.run(CompilerRunnable.java:59)
 -
                Tokenizer finished
2017-06-09 13:53:10.470 [pool-2-thread-2] DEBUG c.b.s.c.syntax.parser.SyntaxCreatorCaller+0	 at cz.bublik.scripthon.compiler.syntax.parser.SyntaxCreator.p(SyntaxCreator.java:108)
Caller+1	 at cz.bublik.scripthon.compiler.syntax.parser.SyntaxCreator.createSyntaxTree(SyntaxCreator.java:38)
Caller+2	 at cz.bublik.scripthon.compiler.CompilerRunnable.compile(CompilerRunnable.java:101)
 -
                Expecting <sof>
2017-06-09 13:53:10.471 [pool-2-thread-2] DEBUG c.b.s.c.syntax.parser.SyntaxCreatorCaller+0	 at cz.bublik.scripthon.compiler.syntax.parser.SyntaxCreator.p(SyntaxCreator.java:108)
Caller+1	 at cz.bublik.scripthon.compiler.syntax.parser.SyntaxCreator.createSyntaxTree(SyntaxCreator.java:40)
Caller+2	 at cz.bublik.scripthon.compiler.CompilerRunnable.compile(CompilerRunnable.java:101)
 -
                Success
2017-06-09 13:53:10.484 [pool-2-thread-2] DEBUG c.b.s.compiler.CompilerRunnableCaller+0	 at cz.bublik.scripthon.compiler.CompilerRunnable.run(CompilerRunnable.java:61)
Caller+1	 at java.util.concurrent.ThreadPoolExecutor.runWorker(ThreadPoolExecutor.java:1142)
Caller+2	 at java.util.concurrent.ThreadPoolExecutor$Worker.run(ThreadPoolExecutor.java:617)
 -
                Compilation process finished in:25 ms
2017-06-09 13:53:11.192 [pool-2-thread-1] INFO  c.b.s.t.a.c.main.AnalyzerRunnableCaller+0	 at cz.bublik.scripthon.tree.analyzer.codeanalyzer.main.AnalyzerRunnable.run(AnalyzerRunnable.java:46)
Caller+1	 at java.util.concurrent.ThreadPoolExecutor.runWorker(ThreadPoolExecutor.java:1142)
Caller+2	 at java.util.concurrent.ThreadPoolExecutor$Worker.run(ThreadPoolExecutor.java:617)
 -
                Analyzing process finished in:733 ms
